<?xml version="1.0" encoding="UTF-8"?>
<testng-results ignored="0" total="1" passed="1" failed="0" skipped="0">
  <reporter-output>
    <line>
      <![CDATA[running verify user id]]>
    </line>
    <line>
      <![CDATA[logout the application]]>
    </line>
    <line>
      <![CDATA[close the app]]>
    </line>
  </reporter-output>
  <suite started-at="2024-03-04T14:37:22 IST" name="Default suite" finished-at="2024-03-04T14:38:00 IST" duration-ms="37844">
    <groups>
    </groups>
    <test started-at="2024-03-04T14:37:22 IST" name="Default test" finished-at="2024-03-04T14:38:00 IST" duration-ms="37844">
      <class name="Test.Test_Class">
        <test-method is-config="true" signature="InitialzeBrowser1()[pri:0, instance:Test.Test_Class@54e1c68b]" started-at="2024-03-04T14:37:23 IST" name="InitialzeBrowser1" finished-at="2024-03-04T14:37:34 IST" duration-ms="11054" status="PASS">
          <reporter-output>
          </reporter-output>
        </test-method> <!-- InitialzeBrowser1 -->
        <test-method is-config="true" signature="LoginToApp()[pri:0, instance:Test.Test_Class@54e1c68b]" started-at="2024-03-04T14:37:34 IST" name="LoginToApp" finished-at="2024-03-04T14:37:45 IST" duration-ms="11149" status="PASS">
          <reporter-output>
          </reporter-output>
        </test-method> <!-- LoginToApp -->
        <test-method signature="verifyuserID()[pri:0, instance:Test.Test_Class@54e1c68b]" started-at="2024-03-04T14:37:45 IST" name="verifyuserID" finished-at="2024-03-04T14:37:58 IST" duration-ms="13616" status="PASS">
          <reporter-output>
            <line>
              <![CDATA[running verify user id]]>
            </line>
          </reporter-output>
        </test-method> <!-- verifyuserID -->
        <test-method is-config="true" signature="logoutApp()[pri:0, instance:Test.Test_Class@54e1c68b]" started-at="2024-03-04T14:37:58 IST" name="logoutApp" finished-at="2024-03-04T14:38:00 IST" duration-ms="1230" status="PASS">
          <reporter-output>
            <line>
              <![CDATA[logout the application]]>
            </line>
          </reporter-output>
        </test-method> <!-- logoutApp -->
        <test-method is-config="true" signature="closeBrowser()[pri:0, instance:Test.Test_Class@54e1c68b]" started-at="2024-03-04T14:38:00 IST" name="closeBrowser" finished-at="2024-03-04T14:38:00 IST" duration-ms="735" status="PASS">
          <reporter-output>
            <line>
              <![CDATA[close the app]]>
            </line>
          </reporter-output>
        </test-method> <!-- closeBrowser -->
      </class> <!-- Test.Test_Class -->
    </test> <!-- Default test -->
  </suite> <!-- Default suite -->
</testng-results>
